# JRE version: Java(TM) SE Runtime Environment (17.0.15+9) (build 17.0.15+9-LTS-241)
# Java VM: Java HotSpot(TM) 64-Bit Server VM (17.0.15+9-LTS-241, mixed mode, sharing, tiered, compressed oops, compressed class ptrs, g1 gc, windows-amd64)
GC Precious Log:
 CPUs: 4 total, 4 available
 Memory: 7993M
 Large Page Support: Disabled
 NUMA Support: Disabled
 Compressed Oops: Enabled (32-bit)
 Heap Region Size: 1M
 Heap Min Capacity: 8M
 Heap Initial Capacity: 126M
 Heap Max Capacity: 2000M
 Pre-touch: Disabled
 Parallel Workers: 4
 Concurrent Workers: 1
 Concurrent Refinement Workers: 4
 Periodic GC: Disabled
Heap:
 garbage-first heap   total 45056K, used 12357K [0x0000000083000000, 0x0000000100000000)
  region size 1024K, 10 young (10240K), 8 survivors (8192K)
 Metaspace       used 23428K, committed 23680K, reserved 1114112K
  class space    used 2819K, committed 2944K, reserved 1048576K
GC Heap History (8 events):
Event: 5.685 GC heap before
{Heap before GC invocations=0 (full 0):
 garbage-first heap   total 129024K, used 13312K [0x0000000083000000, 0x0000000100000000)
  region size 1024K, 13 young (13312K), 0 survivors (0K)
 Metaspace       used 3568K, committed 3712K, reserved 1114112K
  class space    used 379K, committed 448K, reserved 1048576K
}
Event: 5.718 GC heap after
{Heap after GC invocations=1 (full 0):
 garbage-first heap   total 129024K, used 3136K [0x0000000083000000, 0x0000000100000000)
  region size 1024K, 2 young (2048K), 2 survivors (2048K)
 Metaspace       used 3568K, committed 3712K, reserved 1114112K
  class space    used 379K, committed 448K, reserved 1048576K
}
Event: 7.400 GC heap before
{Heap before GC invocations=1 (full 0):
 garbage-first heap   total 129024K, used 15424K [0x0000000083000000, 0x0000000100000000)
  region size 1024K, 14 young (14336K), 2 survivors (2048K)
 Metaspace       used 5611K, committed 5760K, reserved 1114112K
  class space    used 685K, committed 768K, reserved 1048576K
}
Event: 7.405 GC heap after
{Heap after GC invocations=2 (full 0):
 garbage-first heap   total 129024K, used 3851K [0x0000000083000000, 0x0000000100000000)
  region size 1024K, 1 young (1024K), 1 survivors (1024K)
 Metaspace       used 5611K, committed 5760K, reserved 1114112K
  class space    used 685K, committed 768K, reserved 1048576K
}
Event: 14.540 GC heap before
{Heap before GC invocations=2 (full 0):
 garbage-first heap   total 129024K, used 32523K [0x0000000083000000, 0x0000000100000000)
  region size 1024K, 29 young (29696K), 1 survivors (1024K)
 Metaspace       used 9803K, committed 9984K, reserved 1114112K
  class space    used 1201K, committed 1280K, reserved 1048576K
}
Event: 14.546 GC heap after
{Heap after GC invocations=3 (full 0):
 garbage-first heap   total 129024K, used 5238K [0x0000000083000000, 0x0000000100000000)
  region size 1024K, 3 young (3072K), 3 survivors (3072K)
 Metaspace       used 9803K, committed 9984K, reserved 1114112K
  class space    used 1201K, committed 1280K, reserved 1048576K
}
Event: 46.061 GC heap before
{Heap before GC invocations=3 (full 0):
 garbage-first heap   total 129024K, used 73846K [0x0000000083000000, 0x0000000100000000)
  region size 1024K, 71 young (72704K), 3 survivors (3072K)
 Metaspace       used 21260K, committed 21504K, reserved 1114112K
  class space    used 2589K, committed 2688K, reserved 1048576K
}
Event: 46.119 GC heap after
{Heap after GC invocations=4 (full 0):
 garbage-first heap   total 129024K, used 11333K [0x0000000083000000, 0x0000000100000000)
  region size 1024K, 8 young (8192K), 8 survivors (8192K)
 Metaspace       used 21260K, committed 21504K, reserved 1114112K
  class space    used 2589K, committed 2688K, reserved 1048576K
}

